2018-03-13T15:16:29.008 INFO  [1348] [config/DataLinkTargetService.log] ******************************************************************
2018-03-13T15:16:29.008 DEBUG [1348] [config/DataLinkTargetService.log] Logger config: E:\TdcGUI_svn\bin\Release\packages\ScpiClient\config/DataLinkTargetService.log.conf
2018-03-13T15:16:29.008 DEBUG [1348] [config/DataLinkTargetService.log] Logger output: log/DataLinkTargetConsole.log
2018-03-13T15:16:29.009 INFO  [1348] [config/DataLinkTargetService.log] Logger configured successfully.
2018-03-27T14:20:19.605 INFO  [9864] [config/DataLinkTargetService.log] ******************************************************************
2018-03-27T14:20:19.606 DEBUG [9864] [config/DataLinkTargetService.log] Logger config: C:\Users\photonbec\Desktop\ID900\bin\TdcGUI\packages\ScpiClient\config/DataLinkTargetService.log.conf
2018-03-27T14:20:19.606 DEBUG [9864] [config/DataLinkTargetService.log] Logger output: log/DataLinkTargetConsole.log
2018-03-27T14:20:19.606 INFO  [9864] [config/DataLinkTargetService.log] Logger configured successfully.
2018-05-18T10:16:40.735 INFO  [4112] [config/DataLinkTargetService.log] ******************************************************************
2018-05-18T10:16:40.736 DEBUG [4112] [config/DataLinkTargetService.log] Logger config: C:\Users\photonbec\Desktop\ID900\bin\TdcGUI\packages\ScpiClient\config/DataLinkTargetService.log.conf
2018-05-18T10:16:40.736 DEBUG [4112] [config/DataLinkTargetService.log] Logger output: log/DataLinkTargetConsole.log
2018-05-18T10:16:40.736 INFO  [4112] [config/DataLinkTargetService.log] Logger configured successfully.
2018-05-18T10:17:01.939 INFO  [2424] [config/DataLinkTargetService.log] ******************************************************************
2018-05-18T10:17:01.940 DEBUG [2424] [config/DataLinkTargetService.log] Logger config: C:\Users\photonbec\Desktop\ID900\bin\TdcGUI\packages\ScpiClient\config/DataLinkTargetService.log.conf
2018-05-18T10:17:01.940 DEBUG [2424] [config/DataLinkTargetService.log] Logger output: log/DataLinkTargetConsole.log
2018-05-18T10:17:01.940 INFO  [2424] [config/DataLinkTargetService.log] Logger configured successfully.
2018-05-18T10:18:40.308 INFO  [1572] [config/DataLinkTargetService.log] ******************************************************************
2018-05-18T10:18:40.309 DEBUG [1572] [config/DataLinkTargetService.log] Logger config: C:\Users\photonbec\Desktop\ID900\bin\TdcGUI\packages\ScpiClient\config/DataLinkTargetService.log.conf
2018-05-18T10:18:40.309 DEBUG [1572] [config/DataLinkTargetService.log] Logger output: log/DataLinkTargetConsole.log
2018-05-18T10:18:40.309 INFO  [1572] [config/DataLinkTargetService.log] Logger configured successfully.
2018-05-18T10:19:09.088 INFO  [9324] [config/DataLinkTargetService.log] ******************************************************************
2018-05-18T10:19:09.088 DEBUG [9324] [config/DataLinkTargetService.log] Logger config: C:\Users\photonbec\Desktop\ID900\bin\TdcGUI\packages\ScpiClient\config/DataLinkTargetService.log.conf
2018-05-18T10:19:09.088 DEBUG [9324] [config/DataLinkTargetService.log] Logger output: log/DataLinkTargetConsole.log
2018-05-18T10:19:09.088 INFO  [9324] [config/DataLinkTargetService.log] Logger configured successfully.
2018-05-18T10:21:07.034 INFO  [1812] [config/DataLinkTargetService.log] ******************************************************************
2018-05-18T10:21:07.035 DEBUG [1812] [config/DataLinkTargetService.log] Logger config: C:\Users\photonbec\Desktop\ID900\bin\TdcGUI\packages\ScpiClient\config/DataLinkTargetService.log.conf
2018-05-18T10:21:07.035 DEBUG [1812] [config/DataLinkTargetService.log] Logger output: log/DataLinkTargetConsole.log
2018-05-18T10:21:07.035 INFO  [1812] [config/DataLinkTargetService.log] Logger configured successfully.
2018-05-18T10:33:20.203 INFO  [5416] [config/DataLinkTargetService.log] ******************************************************************
2018-05-18T10:33:20.203 DEBUG [5416] [config/DataLinkTargetService.log] Logger config: C:\Users\photonbec\Desktop\ID900\bin\TdcGUI\packages\ScpiClient\config/DataLinkTargetService.log.conf
2018-05-18T10:33:20.203 DEBUG [5416] [config/DataLinkTargetService.log] Logger output: log/DataLinkTargetConsole.log
2018-05-18T10:33:20.203 INFO  [5416] [config/DataLinkTargetService.log] Logger configured successfully.
2018-05-18T10:42:27.254 INFO  [5416] [elvis::dataLink::target::TargetCommunicator] Creating multicast address...
2018-05-18T10:42:27.254 INFO  [5416] [elvis::dataLink::target::TargetCommunicator] Creating socket...
2018-05-18T10:42:27.256 INFO  [5416] [elvis::dataLink::target::TargetCommunicator] Getting ip addresses from host...
2018-05-18T10:42:27.258 INFO  [5416] [elvis::dataLink::target::TargetCommunicator] Joining multicast addresses...
2018-05-18T10:42:27.258 INFO  [5416] [elvis::dataLink::target::TargetCommunicator] Interface ip: 169.254.42.15
2018-05-18T10:42:27.260 INFO  [5416] [elvis::dataLink::target::TargetCommunicator] Interface ip: 155.198.208.14
2018-05-18T10:42:27.275 INFO  [5416] [elvis::dataLink::target::TargetCommunicator] Creating multicast address...
2018-05-18T10:42:27.275 INFO  [5416] [elvis::dataLink::target::TargetCommunicator] Creating socket...
2018-05-18T10:42:27.275 INFO  [5416] [elvis::dataLink::target::TargetCommunicator] Getting ip addresses from host...
2018-05-18T10:42:27.276 INFO  [5416] [elvis::dataLink::target::TargetCommunicator] Joining multicast addresses...
2018-05-18T10:42:27.276 INFO  [5416] [elvis::dataLink::target::TargetCommunicator] Interface ip: 169.254.42.15
2018-05-18T10:42:27.276 INFO  [5416] [elvis::dataLink::target::TargetCommunicator] Interface ip: 155.198.208.14
2018-05-18T10:42:27.283 INFO  [5416] [elvis::dataLink::target::TargetCommunicator] Creating multicast address...
2018-05-18T10:42:27.283 INFO  [5416] [elvis::dataLink::target::TargetCommunicator] Creating socket...
2018-05-18T10:42:27.284 INFO  [5416] [elvis::dataLink::target::TargetCommunicator] Getting ip addresses from host...
2018-05-18T10:42:27.284 INFO  [5416] [elvis::dataLink::target::TargetCommunicator] Joining multicast addresses...
2018-05-18T10:42:27.284 INFO  [5416] [elvis::dataLink::target::TargetCommunicator] Interface ip: 169.254.42.15
2018-05-18T10:42:27.285 INFO  [5416] [elvis::dataLink::target::TargetCommunicator] Interface ip: 155.198.208.14
2018-05-18T10:42:27.292 INFO  [5416] [elvis::dataLink::target::TargetCommunicator] Creating multicast address...
2018-05-18T10:42:27.292 INFO  [5416] [elvis::dataLink::target::TargetCommunicator] Creating socket...
2018-05-18T10:42:27.292 INFO  [5416] [elvis::dataLink::target::TargetCommunicator] Getting ip addresses from host...
2018-05-18T10:42:27.293 INFO  [5416] [elvis::dataLink::target::TargetCommunicator] Joining multicast addresses...
2018-05-18T10:42:27.293 INFO  [5416] [elvis::dataLink::target::TargetCommunicator] Interface ip: 169.254.42.15
2018-05-18T10:42:27.293 INFO  [5416] [elvis::dataLink::target::TargetCommunicator] Interface ip: 155.198.208.14
2018-07-16T12:37:07.205 INFO  [11720] [config/DataLinkTargetService.log] ******************************************************************
2018-07-16T12:37:07.206 DEBUG [11720] [config/DataLinkTargetService.log] Logger config: D:\Control\ID900_20180518\bin\TdcGUI\packages\ScpiClient\config/DataLinkTargetService.log.conf
2018-07-16T12:37:07.206 DEBUG [11720] [config/DataLinkTargetService.log] Logger output: log/DataLinkTargetConsole.log
2018-07-16T12:37:07.206 INFO  [11720] [config/DataLinkTargetService.log] Logger configured successfully.
2018-07-16T12:37:28.997 INFO  [11720] [elvis::dataLink::target::TargetCommunicator] Creating multicast address...
2018-07-16T12:37:28.997 INFO  [11720] [elvis::dataLink::target::TargetCommunicator] Creating socket...
2018-07-16T12:37:28.998 INFO  [11720] [elvis::dataLink::target::TargetCommunicator] Getting ip addresses from host...
2018-07-16T12:37:29.000 INFO  [11720] [elvis::dataLink::target::TargetCommunicator] Joining multicast addresses...
2018-07-16T12:37:29.000 INFO  [11720] [elvis::dataLink::target::TargetCommunicator] Interface ip: 169.254.42.15
2018-07-16T12:37:29.002 INFO  [11720] [elvis::dataLink::target::TargetCommunicator] Interface ip: 155.198.208.14
2018-07-16T12:37:29.017 INFO  [11720] [elvis::dataLink::target::TargetCommunicator] Creating multicast address...
2018-07-16T12:37:29.017 INFO  [11720] [elvis::dataLink::target::TargetCommunicator] Creating socket...
2018-07-16T12:37:29.017 INFO  [11720] [elvis::dataLink::target::TargetCommunicator] Getting ip addresses from host...
2018-07-16T12:37:29.018 INFO  [11720] [elvis::dataLink::target::TargetCommunicator] Joining multicast addresses...
2018-07-16T12:37:29.018 INFO  [11720] [elvis::dataLink::target::TargetCommunicator] Interface ip: 169.254.42.15
2018-07-16T12:37:29.018 INFO  [11720] [elvis::dataLink::target::TargetCommunicator] Interface ip: 155.198.208.14
2018-07-16T12:37:29.028 INFO  [11720] [elvis::dataLink::target::TargetCommunicator] Creating multicast address...
2018-07-16T12:37:29.028 INFO  [11720] [elvis::dataLink::target::TargetCommunicator] Creating socket...
2018-07-16T12:37:29.028 INFO  [11720] [elvis::dataLink::target::TargetCommunicator] Getting ip addresses from host...
2018-07-16T12:37:29.029 INFO  [11720] [elvis::dataLink::target::TargetCommunicator] Joining multicast addresses...
2018-07-16T12:37:29.029 INFO  [11720] [elvis::dataLink::target::TargetCommunicator] Interface ip: 169.254.42.15
2018-07-16T12:37:29.029 INFO  [11720] [elvis::dataLink::target::TargetCommunicator] Interface ip: 155.198.208.14
2018-07-16T12:37:29.037 INFO  [11720] [elvis::dataLink::target::TargetCommunicator] Creating multicast address...
2018-07-16T12:37:29.037 INFO  [11720] [elvis::dataLink::target::TargetCommunicator] Creating socket...
2018-07-16T12:37:29.037 INFO  [11720] [elvis::dataLink::target::TargetCommunicator] Getting ip addresses from host...
2018-07-16T12:37:29.038 INFO  [11720] [elvis::dataLink::target::TargetCommunicator] Joining multicast addresses...
2018-07-16T12:37:29.038 INFO  [11720] [elvis::dataLink::target::TargetCommunicator] Interface ip: 169.254.42.15
2018-07-16T12:37:29.038 INFO  [11720] [elvis::dataLink::target::TargetCommunicator] Interface ip: 155.198.208.14
