d:\control\spectrometer_ben_learning_20170330\avs-spectro\release\avs-spectro.lib
d:\control\spectrometer_ben_learning_20170330\avs-spectro\release\avs-spectro.exp
d:\control\spectrometer_ben_learning_20170330\avs-spectro\avs-spectro\release\avs-spectro.pch
d:\control\spectrometer_ben_learning_20170330\avs-spectro\avs-spectro\release\vc140.pdb
d:\control\spectrometer_ben_learning_20170330\avs-spectro\avs-spectro\release\stdafx.obj
d:\control\spectrometer_ben_learning_20170330\avs-spectro\avs-spectro\release\avs-spectro.obj
d:\control\spectrometer_ben_learning_20170330\avs-spectro\avs-spectro\release\dllmain.obj
d:\control\spectrometer_ben_learning_20170330\avs-spectro\release\avs-spectro.dll
d:\control\spectrometer_ben_learning_20170330\avs-spectro\release\avs-spectro.ipdb
d:\control\spectrometer_ben_learning_20170330\avs-spectro\release\avs-spectro.iobj
d:\control\spectrometer_ben_learning_20170330\avs-spectro\release\avs-spectro.pdb
d:\control\multispectrometer\avs-spectro\avs-spectro\release\avs-spectro.obj
d:\control\multispectrometer\avs-spectro\avs-spectro\release\dllmain.obj
d:\control\multispectrometer\avs-spectro\avs-spectro\release\stdafx.obj
d:\control\multispectrometer\avs-spectro\avs-spectro\release\avs-spectro.pch
d:\control\multispectrometer\avs-spectro\avs-spectro\release\vc140.pdb
d:\control\multispectrometer\avs-spectro\release\avs-spectro.pdb
d:\control\multispectrometer\avs-spectro\release\avs-spectro.dll
d:\control\multispectrometer\avs-spectro\avs-spectro\release\avs-spectro.tlog\avs-spectro.write.1u.tlog
d:\control\multispectrometer\avs-spectro\avs-spectro\release\avs-spectro.tlog\cl.command.1.tlog
d:\control\multispectrometer\avs-spectro\avs-spectro\release\avs-spectro.tlog\cl.read.1.tlog
d:\control\multispectrometer\avs-spectro\avs-spectro\release\avs-spectro.tlog\cl.write.1.tlog
d:\control\multispectrometer\avs-spectro\avs-spectro\release\avs-spectro.tlog\link.command.1.tlog
d:\control\multispectrometer\avs-spectro\avs-spectro\release\avs-spectro.tlog\link.read.1.tlog
d:\control\multispectrometer\avs-spectro\avs-spectro\release\avs-spectro.tlog\link.write.1.tlog
